
=== Wed Apr  6 15:21:49 2022

Packages were changed.
Update Mode: updateDependencies

The following packages were added:
  com.unity.ide.visualstudio@2.0.12
The following packages were updated:
  com.unity.ide.vscode from version 1.2.1 to 1.2.4
  com.unity.multiplayer-hlapi from version 1.0.6 to 1.0.8
  com.unity.test-framework from version 1.1.16 to 1.1.29
  com.unity.timeline from version 1.2.6 to 1.2.18
  com.unity.xr.legacyinputhelpers from version 2.1.4 to 2.1.8

=== Thu Apr  7 19:34:43 2022

Packages were changed.
Update Mode: updateDependencies

The following packages were added:
  com.unity.ide.visualstudio@2.0.12
The following packages were updated:
  com.unity.ide.vscode from version 1.2.1 to 1.2.4
  com.unity.multiplayer-hlapi from version 1.0.6 to 1.0.8
  com.unity.test-framework from version 1.1.16 to 1.1.29
  com.unity.timeline from version 1.2.6 to 1.2.18
  com.unity.xr.legacyinputhelpers from version 2.1.4 to 2.1.8
